<?xml version="1.0" encoding="UTF-8"?>
<!-- Generated by org.testng.reporters.JUnitReportReporter -->
<testsuite hostname="Venetas-MacBook-Pro.local" failures="0" tests="2" name="seleniumMavenJUnitStart.seleniumMavenJUnitStart.TNG_0006" time="0.008" errors="0" timestamp="2020-10-21T16:06:35 EEST" skipped="0">
  <testcase classname="seleniumMavenJUnitStart.seleniumMavenJUnitStart.TNG_0006" name="test_method_I_0002login" time="0.004"/>
  <system-out/>
  <testcase classname="seleniumMavenJUnitStart.seleniumMavenJUnitStart.TNG_0006" name="test_method_I_0001login" time="0.004"/>
  <system-out/>
</testsuite> <!-- seleniumMavenJUnitStart.seleniumMavenJUnitStart.TNG_0006 -->
