<?xml version="1.0" encoding="UTF-8"?>
<!-- Generated by org.testng.reporters.JUnitReportReporter -->
<testsuite hostname="Venetas-MacBook-Pro.local" failures="0" tests="8" name="seleniumMavenJUnitTestNG.TNG_0007" time="0.009" errors="0" timestamp="2020-10-26T10:50:36 EET" skipped="0">
  <testcase classname="seleniumMavenJUnitTestNG.TNG_0007" name="clickonLogin" time="0.000"/>
  <system-out/>
  <testcase classname="seleniumMavenJUnitTestNG.TNG_0007" name="selectDate" time="0.001"/>
  <system-out/>
  <testcase classname="seleniumMavenJUnitTestNG.TNG_0007" name="clickonSearch" time="0.001"/>
  <system-out/>
  <testcase classname="seleniumMavenJUnitTestNG.TNG_0007" name="enterPassword" time="0.000"/>
  <system-out/>
  <testcase classname="seleniumMavenJUnitTestNG.TNG_0007" name="clickonLogout" time="0.001"/>
  <system-out/>
  <testcase classname="seleniumMavenJUnitTestNG.TNG_0007" name="enterUsername" time="0.005"/>
  <system-out/>
  <testcase classname="seleniumMavenJUnitTestNG.TNG_0007" name="selectPreferences" time="0.000"/>
  <system-out/>
  <testcase classname="seleniumMavenJUnitTestNG.TNG_0007" name="selectLocation" time="0.001"/>
  <system-out/>
</testsuite> <!-- seleniumMavenJUnitTestNG.TNG_0007 -->
