<?xml version="1.0" encoding="UTF-8"?>
<!-- Generated by org.testng.reporters.JUnitReportReporter -->
<testsuite hostname="Venetas-MacBook-Pro.local" failures="0" tests="2" name="seleniumMavenJUnitStart.seleniumMavenJUnitStart.TNG_0008" time="0.005" errors="0" timestamp="2020-10-21T17:08:34 EEST" skipped="0">
  <testcase classname="seleniumMavenJUnitStart.seleniumMavenJUnitStart.TNG_0008" name="test_method_0001" time="0.004"/>
  <system-out/>
  <testcase classname="seleniumMavenJUnitStart.seleniumMavenJUnitStart.TNG_0008" name="test_method_0001" time="0.001"/>
  <system-out/>
</testsuite> <!-- seleniumMavenJUnitStart.seleniumMavenJUnitStart.TNG_0008 -->
