<?xml version="1.0" encoding="UTF-8"?>
<!-- Generated by org.testng.reporters.JUnitReportReporter -->
<testsuite hostname="Venetas-MacBook-Pro.local" failures="0" tests="2" name="seleniumMavenJUnitStart.seleniumMavenJUnitStart.TNG_0001" time="0.006" errors="0" timestamp="2020-10-21T16:11:19 EEST" skipped="0">
  <testcase classname="seleniumMavenJUnitStart.seleniumMavenJUnitStart.TNG_0001" name="test_method_0001_empty" time="0.006"/>
  <system-out/>
  <testcase classname="seleniumMavenJUnitStart.seleniumMavenJUnitStart.TNG_0001" name="test_method_0001_empty" time="0.000"/>
  <system-out/>
</testsuite> <!-- seleniumMavenJUnitStart.seleniumMavenJUnitStart.TNG_0001 -->
